# JRE version: OpenJDK Runtime Environment (8.0_152-b01) (build 1.8.0_152-release-1343-b01)
# Java VM: OpenJDK 64-Bit Server VM (25.152-b01 mixed mode windows-amd64 compressed oops)
Heap:
 PSYoungGen      total 244736K, used 127062K [0x00000000e0000000, 0x00000000f1700000, 0x0000000100000000)
  eden space 229376K, 55% used [0x00000000e0000000,0x00000000e7c15b70,0x00000000ee000000)
  from space 15360K, 0% used [0x00000000eef00000,0x00000000eef00000,0x00000000efe00000)
  to   space 15360K, 0% used [0x00000000ee000000,0x00000000ee000000,0x00000000eef00000)
 ParOldGen       total 68096K, used 17443K [0x00000000a0000000, 0x00000000a4280000, 0x00000000e0000000)
  object space 68096K, 25% used [0x00000000a0000000,0x00000000a1108e18,0x00000000a4280000)
 Metaspace       used 45610K, capacity 46798K, committed 46888K, reserved 1089536K
  class space    used 6160K, capacity 6423K, committed 6440K, reserved 1048576K
GC Heap History (10 events):
Event: 5.992 GC heap before
{Heap before GC invocations=6 (full 1):
 PSYoungGen      total 71680K, used 5108K [0x00000000e0000000, 0x00000000e9900000, 0x0000000100000000)
  eden space 66560K, 0% used [0x00000000e0000000,0x00000000e0000000,0x00000000e4100000)
  from space 5120K, 99% used [0x00000000e4100000,0x00000000e45fd040,0x00000000e4600000)
  to   space 11776K, 0% used [0x00000000e8d80000,0x00000000e8d80000,0x00000000e9900000)
 ParOldGen       total 87552K, used 10509K [0x00000000a0000000, 0x00000000a5580000, 0x00000000e0000000)
  object space 87552K, 12% used [0x00000000a0000000,0x00000000a0a43670,0x00000000a5580000)
 Metaspace       used 20703K, capacity 21168K, committed 21296K, reserved 1067008K
  class space    used 2917K, capacity 3125K, committed 3200K, reserved 1048576K
Event: 6.023 GC heap after
Heap after GC invocations=6 (full 1):
 PSYoungGen      total 71680K, used 0K [0x00000000e0000000, 0x00000000e9900000, 0x0000000100000000)
  eden space 66560K, 0% used [0x00000000e0000000,0x00000000e0000000,0x00000000e4100000)
  from space 5120K, 0% used [0x00000000e4100000,0x00000000e4100000,0x00000000e4600000)
  to   space 11776K, 0% used [0x00000000e8d80000,0x00000000e8d80000,0x00000000e9900000)
 ParOldGen       total 54272K, used 10673K [0x00000000a0000000, 0x00000000a3500000, 0x00000000e0000000)
  object space 54272K, 19% used [0x00000000a0000000,0x00000000a0a6c6e0,0x00000000a3500000)
 Metaspace       used 20703K, capacity 21168K, committed 21296K, reserved 1067008K
  class space    used 2917K, capacity 3125K, committed 3200K, reserved 1048576K
}
Event: 6.746 GC heap before
{Heap before GC invocations=7 (full 1):
 PSYoungGen      total 71680K, used 66560K [0x00000000e0000000, 0x00000000e9900000, 0x0000000100000000)
  eden space 66560K, 100% used [0x00000000e0000000,0x00000000e4100000,0x00000000e4100000)
  from space 5120K, 0% used [0x00000000e4100000,0x00000000e4100000,0x00000000e4600000)
  to   space 11776K, 0% used [0x00000000e8d80000,0x00000000e8d80000,0x00000000e9900000)
 ParOldGen       total 54272K, used 10673K [0x00000000a0000000, 0x00000000a3500000, 0x00000000e0000000)
  object space 54272K, 19% used [0x00000000a0000000,0x00000000a0a6c6e0,0x00000000a3500000)
 Metaspace       used 27961K, capacity 28412K, committed 28672K, reserved 1073152K
  class space    used 3819K, capacity 3998K, committed 4096K, reserved 1048576K
Event: 6.754 GC heap after
Heap after GC invocations=7 (full 1):
 PSYoungGen      total 132096K, used 7374K [0x00000000e0000000, 0x00000000e9500000, 0x0000000100000000)
  eden space 124416K, 0% used [0x00000000e0000000,0x00000000e0000000,0x00000000e7980000)
  from space 7680K, 96% used [0x00000000e8d80000,0x00000000e94b3a30,0x00000000e9500000)
  to   space 11264K, 0% used [0x00000000e7f00000,0x00000000e7f00000,0x00000000e8a00000)
 ParOldGen       total 54272K, used 10681K [0x00000000a0000000, 0x00000000a3500000, 0x00000000e0000000)
  object space 54272K, 19% used [0x00000000a0000000,0x00000000a0a6e6e0,0x00000000a3500000)
 Metaspace       used 27961K, capacity 28412K, committed 28672K, reserved 1073152K
  class space    used 3819K, capacity 3998K, committed 4096K, reserved 1048576K
}
Event: 8.798 GC heap before
{Heap before GC invocations=8 (full 1):
 PSYoungGen      total 132096K, used 131790K [0x00000000e0000000, 0x00000000e9500000, 0x0000000100000000)
  eden space 124416K, 100% used [0x00000000e0000000,0x00000000e7980000,0x00000000e7980000)
  from space 7680K, 96% used [0x00000000e8d80000,0x00000000e94b3a30,0x00000000e9500000)
  to   space 11264K, 0% used [0x00000000e7f00000,0x00000000e7f00000,0x00000000e8a00000)
 ParOldGen       total 54272K, used 10681K [0x00000000a0000000, 0x00000000a3500000, 0x00000000e0000000)
  object space 54272K, 19% used [0x00000000a0000000,0x00000000a0a6e6e0,0x00000000a3500000)
 Metaspace       used 34419K, capacity 35362K, committed 35456K, reserved 1079296K
  class space    used 4756K, capacity 4968K, committed 4992K, reserved 1048576K
Event: 8.824 GC heap after
Heap after GC invocations=8 (full 1):
 PSYoungGen      total 141312K, used 11255K [0x00000000e0000000, 0x00000000efe00000, 0x0000000100000000)
  eden space 130048K, 0% used [0x00000000e0000000,0x00000000e0000000,0x00000000e7f00000)
  from space 11264K, 99% used [0x00000000e7f00000,0x00000000e89fdf80,0x00000000e8a00000)
  to   space 15360K, 0% used [0x00000000eef00000,0x00000000eef00000,0x00000000efe00000)
 ParOldGen       total 54272K, used 15069K [0x00000000a0000000, 0x00000000a3500000, 0x00000000e0000000)
  object space 54272K, 27% used [0x00000000a0000000,0x00000000a0eb7658,0x00000000a3500000)
 Metaspace       used 34419K, capacity 35362K, committed 35456K, reserved 1079296K
  class space    used 4756K, capacity 4968K, committed 4992K, reserved 1048576K
}
Event: 8.848 GC heap before
{Heap before GC invocations=9 (full 1):
 PSYoungGen      total 141312K, used 13922K [0x00000000e0000000, 0x00000000efe00000, 0x0000000100000000)
  eden space 130048K, 2% used [0x00000000e0000000,0x00000000e029a9f0,0x00000000e7f00000)
  from space 11264K, 99% used [0x00000000e7f00000,0x00000000e89fdf80,0x00000000e8a00000)
  to   space 15360K, 0% used [0x00000000eef00000,0x00000000eef00000,0x00000000efe00000)
 ParOldGen       total 54272K, used 15069K [0x00000000a0000000, 0x00000000a3500000, 0x00000000e0000000)
  object space 54272K, 27% used [0x00000000a0000000,0x00000000a0eb7658,0x00000000a3500000)
 Metaspace       used 34528K, capacity 35460K, committed 35496K, reserved 1079296K
  class space    used 4764K, capacity 5002K, committed 5032K, reserved 1048576K
Event: 8.865 GC heap after
Heap after GC invocations=9 (full 1):
 PSYoungGen      total 244736K, used 10464K [0x00000000e0000000, 0x00000000f1700000, 0x0000000100000000)
  eden space 229376K, 0% used [0x00000000e0000000,0x00000000e0000000,0x00000000ee000000)
  from space 15360K, 68% used [0x00000000eef00000,0x00000000ef9381b0,0x00000000efe00000)
  to   space 15360K, 0% used [0x00000000ee000000,0x00000000ee000000,0x00000000eef00000)
 ParOldGen       total 54272K, used 15077K [0x00000000a0000000, 0x00000000a3500000, 0x00000000e0000000)
  object space 54272K, 27% used [0x00000000a0000000,0x00000000a0eb9658,0x00000000a3500000)
 Metaspace       used 34528K, capacity 35460K, committed 35496K, reserved 1079296K
  class space    used 4764K, capacity 5002K, committed 5032K, reserved 1048576K
}
Event: 8.865 GC heap before
{Heap before GC invocations=10 (full 2):
 PSYoungGen      total 244736K, used 10464K [0x00000000e0000000, 0x00000000f1700000, 0x0000000100000000)
  eden space 229376K, 0% used [0x00000000e0000000,0x00000000e0000000,0x00000000ee000000)
  from space 15360K, 68% used [0x00000000eef00000,0x00000000ef9381b0,0x00000000efe00000)
  to   space 15360K, 0% used [0x00000000ee000000,0x00000000ee000000,0x00000000eef00000)
 ParOldGen       total 54272K, used 15077K [0x00000000a0000000, 0x00000000a3500000, 0x00000000e0000000)
  object space 54272K, 27% used [0x00000000a0000000,0x00000000a0eb9658,0x00000000a3500000)
 Metaspace       used 34528K, capacity 35460K, committed 35496K, reserved 1079296K
  class space    used 4764K, capacity 5002K, committed 5032K, reserved 1048576K
Event: 8.992 GC heap after
Heap after GC invocations=10 (full 2):
 PSYoungGen      total 244736K, used 0K [0x00000000e0000000, 0x00000000f1700000, 0x0000000100000000)
  eden space 229376K, 0% used [0x00000000e0000000,0x00000000e0000000,0x00000000ee000000)
  from space 15360K, 0% used [0x00000000eef00000,0x00000000eef00000,0x00000000efe00000)
  to   space 15360K, 0% used [0x00000000ee000000,0x00000000ee000000,0x00000000eef00000)
 ParOldGen       total 68096K, used 17443K [0x00000000a0000000, 0x00000000a4280000, 0x00000000e0000000)
  object space 68096K, 25% used [0x00000000a0000000,0x00000000a1108e18,0x00000000a4280000)
 Metaspace       used 34505K, capacity 35382K, committed 35496K, reserved 1079296K
  class space    used 4757K, capacity 4989K, committed 5032K, reserved 1048576K
}

