# JRE version: OpenJDK Runtime Environment (8.0_152-b01) (build 1.8.0_152-release-1343-b01)
# Java VM: OpenJDK 64-Bit Server VM (25.152-b01 mixed mode windows-amd64 compressed oops)
Heap:
 PSYoungGen      total 109056K, used 64622K [0x00000000e0000000, 0x00000000e9400000, 0x0000000100000000)
  eden space 97792K, 66% used [0x00000000e0000000,0x00000000e3f1ba88,0x00000000e5f80000)
  from space 11264K, 0% used [0x00000000e5f80000,0x00000000e5f80000,0x00000000e6a80000)
  to   space 12800K, 0% used [0x00000000e8780000,0x00000000e8780000,0x00000000e9400000)
 ParOldGen       total 98304K, used 19136K [0x00000000a0000000, 0x00000000a6000000, 0x00000000e0000000)
  object space 98304K, 19% used [0x00000000a0000000,0x00000000a12b0258,0x00000000a6000000)
 Metaspace       used 42304K, capacity 43376K, committed 43688K, reserved 1087488K
  class space    used 5745K, capacity 6021K, committed 6056K, reserved 1048576K
GC Heap History (10 events):
Event: 2.659 GC heap before
{Heap before GC invocations=7 (full 1):
 PSYoungGen      total 76288K, used 6746K [0x00000000e0000000, 0x00000000e5500000, 0x0000000100000000)
  eden space 66560K, 0% used [0x00000000e0000000,0x00000000e0000000,0x00000000e4100000)
  from space 9728K, 69% used [0x00000000e4b80000,0x00000000e52168b0,0x00000000e5500000)
  to   space 10240K, 0% used [0x00000000e4100000,0x00000000e4100000,0x00000000e4b00000)
 ParOldGen       total 87552K, used 8954K [0x00000000a0000000, 0x00000000a5580000, 0x00000000e0000000)
  object space 87552K, 10% used [0x00000000a0000000,0x00000000a08beab8,0x00000000a5580000)
 Metaspace       used 20684K, capacity 21136K, committed 21296K, reserved 1067008K
  class space    used 2911K, capacity 3093K, committed 3200K, reserved 1048576K
Event: 2.710 GC heap after
Heap after GC invocations=7 (full 1):
 PSYoungGen      total 76288K, used 0K [0x00000000e0000000, 0x00000000e5500000, 0x0000000100000000)
  eden space 66560K, 0% used [0x00000000e0000000,0x00000000e0000000,0x00000000e4100000)
  from space 9728K, 0% used [0x00000000e4b80000,0x00000000e4b80000,0x00000000e5500000)
  to   space 10240K, 0% used [0x00000000e4100000,0x00000000e4100000,0x00000000e4b00000)
 ParOldGen       total 62464K, used 8025K [0x00000000a0000000, 0x00000000a3d00000, 0x00000000e0000000)
  object space 62464K, 12% used [0x00000000a0000000,0x00000000a07d6760,0x00000000a3d00000)
 Metaspace       used 20684K, capacity 21136K, committed 21296K, reserved 1067008K
  class space    used 2911K, capacity 3093K, committed 3200K, reserved 1048576K
}
Event: 3.989 GC heap before
{Heap before GC invocations=8 (full 1):
 PSYoungGen      total 76288K, used 66560K [0x00000000e0000000, 0x00000000e5500000, 0x0000000100000000)
  eden space 66560K, 100% used [0x00000000e0000000,0x00000000e4100000,0x00000000e4100000)
  from space 9728K, 0% used [0x00000000e4b80000,0x00000000e4b80000,0x00000000e5500000)
  to   space 10240K, 0% used [0x00000000e4100000,0x00000000e4100000,0x00000000e4b00000)
 ParOldGen       total 62464K, used 8025K [0x00000000a0000000, 0x00000000a3d00000, 0x00000000e0000000)
  object space 62464K, 12% used [0x00000000a0000000,0x00000000a07d6760,0x00000000a3d00000)
 Metaspace       used 27951K, capacity 28412K, committed 28672K, reserved 1073152K
  class space    used 3818K, capacity 3998K, committed 4096K, reserved 1048576K
Event: 4.001 GC heap after
Heap after GC invocations=8 (full 1):
 PSYoungGen      total 76800K, used 7392K [0x00000000e0000000, 0x00000000e7580000, 0x0000000100000000)
  eden space 66560K, 0% used [0x00000000e0000000,0x00000000e0000000,0x00000000e4100000)
  from space 10240K, 72% used [0x00000000e4100000,0x00000000e4838328,0x00000000e4b00000)
  to   space 10240K, 0% used [0x00000000e6b80000,0x00000000e6b80000,0x00000000e7580000)
 ParOldGen       total 62464K, used 8033K [0x00000000a0000000, 0x00000000a3d00000, 0x00000000e0000000)
  object space 62464K, 12% used [0x00000000a0000000,0x00000000a07d8760,0x00000000a3d00000)
 Metaspace       used 27951K, capacity 28412K, committed 28672K, reserved 1073152K
  class space    used 3818K, capacity 3998K, committed 4096K, reserved 1048576K
}
Event: 5.099 GC heap before
{Heap before GC invocations=9 (full 1):
 PSYoungGen      total 76800K, used 73952K [0x00000000e0000000, 0x00000000e7580000, 0x0000000100000000)
  eden space 66560K, 100% used [0x00000000e0000000,0x00000000e4100000,0x00000000e4100000)
  from space 10240K, 72% used [0x00000000e4100000,0x00000000e4838328,0x00000000e4b00000)
  to   space 10240K, 0% used [0x00000000e6b80000,0x00000000e6b80000,0x00000000e7580000)
 ParOldGen       total 62464K, used 8033K [0x00000000a0000000, 0x00000000a3d00000, 0x00000000e0000000)
  object space 62464K, 12% used [0x00000000a0000000,0x00000000a07d8760,0x00000000a3d00000)
 Metaspace       used 32408K, capacity 33136K, committed 33408K, reserved 1077248K
  class space    used 4465K, capacity 4661K, committed 4736K, reserved 1048576K
Event: 5.112 GC heap after
Heap after GC invocations=9 (full 1):
 PSYoungGen      total 108032K, used 10085K [0x00000000e0000000, 0x00000000e7580000, 0x0000000100000000)
  eden space 97792K, 0% used [0x00000000e0000000,0x00000000e0000000,0x00000000e5f80000)
  from space 10240K, 98% used [0x00000000e6b80000,0x00000000e7559460,0x00000000e7580000)
  to   space 11264K, 0% used [0x00000000e5f80000,0x00000000e5f80000,0x00000000e6a80000)
 ParOldGen       total 62464K, used 8041K [0x00000000a0000000, 0x00000000a3d00000, 0x00000000e0000000)
  object space 62464K, 12% used [0x00000000a0000000,0x00000000a07da760,0x00000000a3d00000)
 Metaspace       used 32408K, capacity 33136K, committed 33408K, reserved 1077248K
  class space    used 4465K, capacity 4661K, committed 4736K, reserved 1048576K
}
Event: 5.595 GC heap before
{Heap before GC invocations=10 (full 1):
 PSYoungGen      total 108032K, used 69617K [0x00000000e0000000, 0x00000000e7580000, 0x0000000100000000)
  eden space 97792K, 60% used [0x00000000e0000000,0x00000000e3a230d0,0x00000000e5f80000)
  from space 10240K, 98% used [0x00000000e6b80000,0x00000000e7559460,0x00000000e7580000)
  to   space 11264K, 0% used [0x00000000e5f80000,0x00000000e5f80000,0x00000000e6a80000)
 ParOldGen       total 62464K, used 8041K [0x00000000a0000000, 0x00000000a3d00000, 0x00000000e0000000)
  object space 62464K, 12% used [0x00000000a0000000,0x00000000a07da760,0x00000000a3d00000)
 Metaspace       used 34504K, capacity 35458K, committed 35496K, reserved 1079296K
  class space    used 4756K, capacity 5001K, committed 5032K, reserved 1048576K
Event: 5.604 GC heap after
Heap after GC invocations=10 (full 1):
 PSYoungGen      total 109056K, used 11262K [0x00000000e0000000, 0x00000000e9400000, 0x0000000100000000)
  eden space 97792K, 0% used [0x00000000e0000000,0x00000000e0000000,0x00000000e5f80000)
  from space 11264K, 99% used [0x00000000e5f80000,0x00000000e6a7fa50,0x00000000e6a80000)
  to   space 12800K, 0% used [0x00000000e8780000,0x00000000e8780000,0x00000000e9400000)
 ParOldGen       total 62464K, used 8963K [0x00000000a0000000, 0x00000000a3d00000, 0x00000000e0000000)
  object space 62464K, 14% used [0x00000000a0000000,0x00000000a08c0c20,0x00000000a3d00000)
 Metaspace       used 34504K, capacity 35458K, committed 35496K, reserved 1079296K
  class space    used 4756K, capacity 5001K, committed 5032K, reserved 1048576K
}
Event: 5.604 GC heap before
{Heap before GC invocations=11 (full 2):
 PSYoungGen      total 109056K, used 11262K [0x00000000e0000000, 0x00000000e9400000, 0x0000000100000000)
  eden space 97792K, 0% used [0x00000000e0000000,0x00000000e0000000,0x00000000e5f80000)
  from space 11264K, 99% used [0x00000000e5f80000,0x00000000e6a7fa50,0x00000000e6a80000)
  to   space 12800K, 0% used [0x00000000e8780000,0x00000000e8780000,0x00000000e9400000)
 ParOldGen       total 62464K, used 8963K [0x00000000a0000000, 0x00000000a3d00000, 0x00000000e0000000)
  object space 62464K, 14% used [0x00000000a0000000,0x00000000a08c0c20,0x00000000a3d00000)
 Metaspace       used 34504K, capacity 35458K, committed 35496K, reserved 1079296K
  class space    used 4756K, capacity 5001K, committed 5032K, reserved 1048576K
Event: 5.654 GC heap after
Heap after GC invocations=11 (full 2):
 PSYoungGen      total 109056K, used 0K [0x00000000e0000000, 0x00000000e9400000, 0x0000000100000000)
  eden space 97792K, 0% used [0x00000000e0000000,0x00000000e0000000,0x00000000e5f80000)
  from space 11264K, 0% used [0x00000000e5f80000,0x00000000e5f80000,0x00000000e6a80000)
  to   space 12800K, 0% used [0x00000000e8780000,0x00000000e8780000,0x00000000e9400000)
 ParOldGen       total 98304K, used 19136K [0x00000000a0000000, 0x00000000a6000000, 0x00000000e0000000)
  object space 98304K, 19% used [0x00000000a0000000,0x00000000a12b0258,0x00000000a6000000)
 Metaspace       used 34482K, capacity 35386K, committed 35496K, reserved 1079296K
  class space    used 4750K, capacity 4989K, committed 5032K, reserved 1048576K
}

