# JRE version: OpenJDK Runtime Environment (8.0_152-b01) (build 1.8.0_152-release-1343-b01)
# Java VM: OpenJDK 64-Bit Server VM (25.152-b01 mixed mode windows-amd64 compressed oops)
Heap:
 PSYoungGen      total 120320K, used 99379K [0x00000000e0000000, 0x00000000e9300000, 0x0000000100000000)
  eden space 107008K, 84% used [0x00000000e0000000,0x00000000e5823848,0x00000000e6880000)
  from space 13312K, 68% used [0x00000000e6880000,0x00000000e71696b8,0x00000000e7580000)
  to   space 13312K, 0% used [0x00000000e8600000,0x00000000e8600000,0x00000000e9300000)
 ParOldGen       total 92160K, used 24144K [0x00000000a0000000, 0x00000000a5a00000, 0x00000000e0000000)
  object space 92160K, 26% used [0x00000000a0000000,0x00000000a1794040,0x00000000a5a00000)
 Metaspace       used 57349K, capacity 58982K, committed 59160K, reserved 1099776K
  class space    used 7725K, capacity 8128K, committed 8216K, reserved 1048576K
GC Heap History (10 events):
Event: 10.963 GC heap before
{Heap before GC invocations=11 (full 1):
 PSYoungGen      total 67072K, used 66615K [0x00000000e0000000, 0x00000000e6500000, 0x0000000100000000)
  eden space 57344K, 100% used [0x00000000e0000000,0x00000000e3800000,0x00000000e3800000)
  from space 9728K, 95% used [0x00000000e3800000,0x00000000e410dd80,0x00000000e4180000)
  to   space 10752K, 0% used [0x00000000e5a80000,0x00000000e5a80000,0x00000000e6500000)
 ParOldGen       total 56832K, used 8040K [0x00000000a0000000, 0x00000000a3780000, 0x00000000e0000000)
  object space 56832K, 14% used [0x00000000a0000000,0x00000000a07da278,0x00000000a3780000)
 Metaspace       used 33981K, capacity 34946K, committed 35200K, reserved 1079296K
  class space    used 4682K, capacity 4892K, committed 4992K, reserved 1048576K
Event: 10.970 GC heap after
Heap after GC invocations=11 (full 1):
 PSYoungGen      total 90624K, used 8280K [0x00000000e0000000, 0x00000000e6480000, 0x0000000100000000)
  eden space 80384K, 0% used [0x00000000e0000000,0x00000000e0000000,0x00000000e4e80000)
  from space 10240K, 80% used [0x00000000e5a80000,0x00000000e6296050,0x00000000e6480000)
  to   space 11264K, 0% used [0x00000000e4e80000,0x00000000e4e80000,0x00000000e5980000)
 ParOldGen       total 56832K, used 11181K [0x00000000a0000000, 0x00000000a3780000, 0x00000000e0000000)
  object space 56832K, 19% used [0x00000000a0000000,0x00000000a0aeb570,0x00000000a3780000)
 Metaspace       used 33981K, capacity 34946K, committed 35200K, reserved 1079296K
  class space    used 4682K, capacity 4892K, committed 4992K, reserved 1048576K
}
Event: 12.389 GC heap before
{Heap before GC invocations=12 (full 1):
 PSYoungGen      total 90624K, used 19541K [0x00000000e0000000, 0x00000000e6480000, 0x0000000100000000)
  eden space 80384K, 14% used [0x00000000e0000000,0x00000000e0aff458,0x00000000e4e80000)
  from space 10240K, 80% used [0x00000000e5a80000,0x00000000e6296050,0x00000000e6480000)
  to   space 11264K, 0% used [0x00000000e4e80000,0x00000000e4e80000,0x00000000e5980000)
 ParOldGen       total 56832K, used 11181K [0x00000000a0000000, 0x00000000a3780000, 0x00000000e0000000)
  object space 56832K, 19% used [0x00000000a0000000,0x00000000a0aeb570,0x00000000a3780000)
 Metaspace       used 34442K, capacity 35426K, committed 35496K, reserved 1079296K
  class space    used 4761K, capacity 5007K, committed 5032K, reserved 1048576K
Event: 12.396 GC heap after
Heap after GC invocations=12 (full 1):
 PSYoungGen      total 91648K, used 1680K [0x00000000e0000000, 0x00000000e8280000, 0x0000000100000000)
  eden space 80384K, 0% used [0x00000000e0000000,0x00000000e0000000,0x00000000e4e80000)
  from space 11264K, 14% used [0x00000000e4e80000,0x00000000e5024258,0x00000000e5980000)
  to   space 11264K, 0% used [0x00000000e7780000,0x00000000e7780000,0x00000000e8280000)
 ParOldGen       total 56832K, used 17507K [0x00000000a0000000, 0x00000000a3780000, 0x00000000e0000000)
  object space 56832K, 30% used [0x00000000a0000000,0x00000000a1118e60,0x00000000a3780000)
 Metaspace       used 34442K, capacity 35426K, committed 35496K, reserved 1079296K
  class space    used 4761K, capacity 5007K, committed 5032K, reserved 1048576K
}
Event: 12.396 GC heap before
{Heap before GC invocations=13 (full 2):
 PSYoungGen      total 91648K, used 1680K [0x00000000e0000000, 0x00000000e8280000, 0x0000000100000000)
  eden space 80384K, 0% used [0x00000000e0000000,0x00000000e0000000,0x00000000e4e80000)
  from space 11264K, 14% used [0x00000000e4e80000,0x00000000e5024258,0x00000000e5980000)
  to   space 11264K, 0% used [0x00000000e7780000,0x00000000e7780000,0x00000000e8280000)
 ParOldGen       total 56832K, used 17507K [0x00000000a0000000, 0x00000000a3780000, 0x00000000e0000000)
  object space 56832K, 30% used [0x00000000a0000000,0x00000000a1118e60,0x00000000a3780000)
 Metaspace       used 34442K, capacity 35426K, committed 35496K, reserved 1079296K
  class space    used 4761K, capacity 5007K, committed 5032K, reserved 1048576K
Event: 12.496 GC heap after
Heap after GC invocations=13 (full 2):
 PSYoungGen      total 91648K, used 0K [0x00000000e0000000, 0x00000000e8280000, 0x0000000100000000)
  eden space 80384K, 0% used [0x00000000e0000000,0x00000000e0000000,0x00000000e4e80000)
  from space 11264K, 0% used [0x00000000e4e80000,0x00000000e4e80000,0x00000000e5980000)
  to   space 11264K, 0% used [0x00000000e7780000,0x00000000e7780000,0x00000000e8280000)
 ParOldGen       total 92160K, used 17986K [0x00000000a0000000, 0x00000000a5a00000, 0x00000000e0000000)
  object space 92160K, 19% used [0x00000000a0000000,0x00000000a1190948,0x00000000a5a00000)
 Metaspace       used 34410K, capacity 35318K, committed 35496K, reserved 1079296K
  class space    used 4751K, capacity 4989K, committed 5032K, reserved 1048576K
}
Event: 16.012 GC heap before
{Heap before GC invocations=14 (full 2):
 PSYoungGen      total 91648K, used 80384K [0x00000000e0000000, 0x00000000e8280000, 0x0000000100000000)
  eden space 80384K, 100% used [0x00000000e0000000,0x00000000e4e80000,0x00000000e4e80000)
  from space 11264K, 0% used [0x00000000e4e80000,0x00000000e4e80000,0x00000000e5980000)
  to   space 11264K, 0% used [0x00000000e7780000,0x00000000e7780000,0x00000000e8280000)
 ParOldGen       total 92160K, used 17986K [0x00000000a0000000, 0x00000000a5a00000, 0x00000000e0000000)
  object space 92160K, 19% used [0x00000000a0000000,0x00000000a1190948,0x00000000a5a00000)
 Metaspace       used 43735K, capacity 44820K, committed 45096K, reserved 1087488K
  class space    used 5888K, capacity 6155K, committed 6184K, reserved 1048576K
Event: 16.022 GC heap after
Heap after GC invocations=14 (full 2):
 PSYoungGen      total 111616K, used 11259K [0x00000000e0000000, 0x00000000e8280000, 0x0000000100000000)
  eden space 100352K, 0% used [0x00000000e0000000,0x00000000e0000000,0x00000000e6200000)
  from space 11264K, 99% used [0x00000000e7780000,0x00000000e827efc8,0x00000000e8280000)
  to   space 13312K, 0% used [0x00000000e6880000,0x00000000e6880000,0x00000000e7580000)
 ParOldGen       total 92160K, used 19104K [0x00000000a0000000, 0x00000000a5a00000, 0x00000000e0000000)
  object space 92160K, 20% used [0x00000000a0000000,0x00000000a12a8008,0x00000000a5a00000)
 Metaspace       used 43735K, capacity 44820K, committed 45096K, reserved 1087488K
  class space    used 5888K, capacity 6155K, committed 6184K, reserved 1048576K
}
Event: 17.991 GC heap before
{Heap before GC invocations=15 (full 2):
 PSYoungGen      total 111616K, used 111611K [0x00000000e0000000, 0x00000000e8280000, 0x0000000100000000)
  eden space 100352K, 100% used [0x00000000e0000000,0x00000000e6200000,0x00000000e6200000)
  from space 11264K, 99% used [0x00000000e7780000,0x00000000e827efc8,0x00000000e8280000)
  to   space 13312K, 0% used [0x00000000e6880000,0x00000000e6880000,0x00000000e7580000)
 ParOldGen       total 92160K, used 19104K [0x00000000a0000000, 0x00000000a5a00000, 0x00000000e0000000)
  object space 92160K, 20% used [0x00000000a0000000,0x00000000a12a8008,0x00000000a5a00000)
 Metaspace       used 50786K, capacity 52036K, committed 52264K, reserved 1093632K
  class space    used 6820K, capacity 7096K, committed 7208K, reserved 1048576K
Event: 18.001 GC heap after
Heap after GC invocations=15 (full 2):
 PSYoungGen      total 120320K, used 9125K [0x00000000e0000000, 0x00000000e9300000, 0x0000000100000000)
  eden space 107008K, 0% used [0x00000000e0000000,0x00000000e0000000,0x00000000e6880000)
  from space 13312K, 68% used [0x00000000e6880000,0x00000000e71696b8,0x00000000e7580000)
  to   space 13312K, 0% used [0x00000000e8600000,0x00000000e8600000,0x00000000e9300000)
 ParOldGen       total 92160K, used 24144K [0x00000000a0000000, 0x00000000a5a00000, 0x00000000e0000000)
  object space 92160K, 26% used [0x00000000a0000000,0x00000000a1794040,0x00000000a5a00000)
 Metaspace       used 50786K, capacity 52036K, committed 52264K, reserved 1093632K
  class space    used 6820K, capacity 7096K, committed 7208K, reserved 1048576K
}

